<?xml version="1.0" encoding="UTF-8"?>
<testng-results ignored="0" total="17" passed="16" failed="1" skipped="0">
  <reporter-output>
  </reporter-output>
  <suite started-at="2024-10-14T01:19:33 GMT" name="VideoGameSuite" finished-at="2024-10-14T01:19:48 GMT" duration-ms="14593">
    <groups>
    </groups>
    <test started-at="2024-10-14T01:19:33 GMT" name="VideoGameTest" finished-at="2024-10-14T01:19:48 GMT" duration-ms="14593">
      <class name="api.test.VideoGamesTestV2">
        <test-method is-config="true" signature="setupData()[pri:0, instance:api.test.VideoGamesTestV2@4009e306]" started-at="2024-10-14T01:19:43 GMT" name="setupData" finished-at="2024-10-14T01:19:43 GMT" duration-ms="1" status="PASS">
          <reporter-output>
          </reporter-output>
        </test-method> <!-- setupData -->
        <test-method signature="testPostCreateVideoGameV2()[pri:1, instance:api.test.VideoGamesTestV2@4009e306]" started-at="2024-10-14T01:19:43 GMT" name="testPostCreateVideoGameV2" finished-at="2024-10-14T01:19:44 GMT" duration-ms="602" status="PASS">
          <reporter-output>
          </reporter-output>
        </test-method> <!-- testPostCreateVideoGameV2 -->
        <test-method signature="testGetVideoGamesV2()[pri:2, instance:api.test.VideoGamesTestV2@4009e306]" started-at="2024-10-14T01:19:44 GMT" name="testGetVideoGamesV2" finished-at="2024-10-14T01:19:44 GMT" duration-ms="554" status="PASS">
          <reporter-output>
          </reporter-output>
        </test-method> <!-- testGetVideoGamesV2 -->
        <test-method signature="testDeleteVideoGameById()[pri:3, instance:api.test.VideoGamesTestV2@4009e306]" started-at="2024-10-14T01:19:44 GMT" name="testDeleteVideoGameById" finished-at="2024-10-14T01:19:45 GMT" duration-ms="537" status="PASS">
          <reporter-output>
          </reporter-output>
        </test-method> <!-- testDeleteVideoGameById -->
        <test-method signature="testDeleteVideoGameByvalidInId()[pri:3, instance:api.test.VideoGamesTestV2@4009e306]" started-at="2024-10-14T01:19:45 GMT" name="testDeleteVideoGameByvalidInId" finished-at="2024-10-14T01:19:45 GMT" duration-ms="516" status="PASS">
          <reporter-output>
          </reporter-output>
        </test-method> <!-- testDeleteVideoGameByvalidInId -->
        <test-method signature="testGetVideoGameByIdV2()[pri:3, instance:api.test.VideoGamesTestV2@4009e306]" started-at="2024-10-14T01:19:46 GMT" name="testGetVideoGameByIdV2" finished-at="2024-10-14T01:19:46 GMT" duration-ms="619" status="PASS">
          <reporter-output>
          </reporter-output>
        </test-method> <!-- testGetVideoGameByIdV2 -->
        <test-method signature="testGetVideoGameByInvalidIdV2()[pri:3, instance:api.test.VideoGamesTestV2@4009e306]" started-at="2024-10-14T01:19:46 GMT" name="testGetVideoGameByInvalidIdV2" finished-at="2024-10-14T01:19:47 GMT" duration-ms="469" status="PASS">
          <reporter-output>
          </reporter-output>
        </test-method> <!-- testGetVideoGameByInvalidIdV2 -->
        <test-method signature="testUpdateVideoGameById()[pri:3, instance:api.test.VideoGamesTestV2@4009e306]" started-at="2024-10-14T01:19:47 GMT" name="testUpdateVideoGameById" finished-at="2024-10-14T01:19:47 GMT" duration-ms="493" status="PASS">
          <reporter-output>
          </reporter-output>
        </test-method> <!-- testUpdateVideoGameById -->
        <test-method signature="testUpdateVideoGameByInvalId()[pri:3, instance:api.test.VideoGamesTestV2@4009e306]" started-at="2024-10-14T01:19:47 GMT" name="testUpdateVideoGameByInvalId" finished-at="2024-10-14T01:19:48 GMT" duration-ms="502" status="PASS">
          <reporter-output>
          </reporter-output>
        </test-method> <!-- testUpdateVideoGameByInvalId -->
      </class> <!-- api.test.VideoGamesTestV2 -->
      <class name="api.test.VideoGamesTest">
        <test-method is-config="true" signature="setupData()[pri:0, instance:api.test.VideoGamesTest@7dc0f706]" started-at="2024-10-14T01:19:40 GMT" name="setupData" finished-at="2024-10-14T01:19:40 GMT" duration-ms="59" status="PASS">
          <reporter-output>
          </reporter-output>
        </test-method> <!-- setupData -->
        <test-method signature="testPostCreateVideoGame()[pri:1, instance:api.test.VideoGamesTest@7dc0f706]" started-at="2024-10-14T01:19:40 GMT" name="testPostCreateVideoGame" finished-at="2024-10-14T01:19:41 GMT" duration-ms="582" status="PASS">
          <reporter-output>
          </reporter-output>
        </test-method> <!-- testPostCreateVideoGame -->
        <test-method signature="testGetVideoGames()[pri:2, instance:api.test.VideoGamesTest@7dc0f706]" started-at="2024-10-14T01:19:41 GMT" name="testGetVideoGames" finished-at="2024-10-14T01:19:41 GMT" duration-ms="570" status="PASS">
          <reporter-output>
          </reporter-output>
        </test-method> <!-- testGetVideoGames -->
        <test-method signature="testDeleteVideoGameById()[pri:3, instance:api.test.VideoGamesTest@7dc0f706]" started-at="2024-10-14T01:19:41 GMT" name="testDeleteVideoGameById" finished-at="2024-10-14T01:19:42 GMT" duration-ms="525" status="PASS">
          <reporter-output>
          </reporter-output>
        </test-method> <!-- testDeleteVideoGameById -->
        <test-method signature="testGetVideoGameById()[pri:3, instance:api.test.VideoGamesTest@7dc0f706]" started-at="2024-10-14T01:19:42 GMT" name="testGetVideoGameById" finished-at="2024-10-14T01:19:42 GMT" duration-ms="556" status="PASS">
          <reporter-output>
          </reporter-output>
        </test-method> <!-- testGetVideoGameById -->
        <test-method signature="testGetVideoGameByInvalidId()[pri:3, instance:api.test.VideoGamesTest@7dc0f706]" started-at="2024-10-14T01:19:42 GMT" name="testGetVideoGameByInvalidId" finished-at="2024-10-14T01:19:43 GMT" duration-ms="479" status="PASS">
          <reporter-output>
          </reporter-output>
        </test-method> <!-- testGetVideoGameByInvalidId -->
        <test-method signature="testUpdateVideoGame()[pri:3, instance:api.test.VideoGamesTest@7dc0f706]" started-at="2024-10-14T01:19:43 GMT" name="testUpdateVideoGame" finished-at="2024-10-14T01:19:43 GMT" duration-ms="499" status="PASS">
          <reporter-output>
          </reporter-output>
        </test-method> <!-- testUpdateVideoGame -->
      </class> <!-- api.test.VideoGamesTest -->
      <class name="api.test.UserAuthTest">
        <test-method is-config="true" signature="setupData()[pri:0, instance:api.test.UserAuthTest@6200f9cb]" started-at="2024-10-14T01:19:34 GMT" name="setupData" finished-at="2024-10-14T01:19:34 GMT" duration-ms="25" status="PASS">
          <reporter-output>
          </reporter-output>
        </test-method> <!-- setupData -->
        <test-method signature="testAuthUser()[pri:1, instance:api.test.UserAuthTest@6200f9cb]" started-at="2024-10-14T01:19:34 GMT" name="testAuthUser" finished-at="2024-10-14T01:19:39 GMT" duration-ms="5137" status="PASS">
          <reporter-output>
          </reporter-output>
        </test-method> <!-- testAuthUser -->
        <test-method signature="testWrongAuthtUserDetails()[pri:1, instance:api.test.UserAuthTest@6200f9cb]" started-at="2024-10-14T01:19:39 GMT" name="testWrongAuthtUserDetails" finished-at="2024-10-14T01:19:39 GMT" duration-ms="623" status="PASS">
          <reporter-output>
          </reporter-output>
        </test-method> <!-- testWrongAuthtUserDetails -->
        <test-method signature="testWrongAuthtUsername()[pri:2, instance:api.test.UserAuthTest@6200f9cb]" started-at="2024-10-14T01:19:39 GMT" name="testWrongAuthtUsername" finished-at="2024-10-14T01:19:40 GMT" duration-ms="524" status="FAIL">
          <exception class="java.lang.AssertionError">
            <message>
              <![CDATA[expected [400] but found [403]]]>
            </message>
            <full-stacktrace>
              <![CDATA[java.lang.AssertionError: expected [400] but found [403]
at org.testng.Assert.fail(Assert.java:111)
at org.testng.Assert.failNotEquals(Assert.java:1578)
at org.testng.Assert.assertEqualsImpl(Assert.java:150)
at org.testng.Assert.assertEquals(Assert.java:132)
at org.testng.Assert.assertEquals(Assert.java:1419)
at org.testng.Assert.assertEquals(Assert.java:1383)
at org.testng.Assert.assertEquals(Assert.java:1429)
at api.test.UserAuthTest.testWrongAuthtUsername(UserAuthTest.java:58)
at java.base/jdk.internal.reflect.DirectMethodHandleAccessor.invoke(DirectMethodHandleAccessor.java:103)
at java.base/java.lang.reflect.Method.invoke(Method.java:580)
at org.testng.internal.invokers.MethodInvocationHelper.invokeMethod(MethodInvocationHelper.java:141)
at org.testng.internal.invokers.TestInvoker.invokeMethod(TestInvoker.java:686)
at org.testng.internal.invokers.TestInvoker.invokeTestMethod(TestInvoker.java:230)
at org.testng.internal.invokers.MethodRunner.runInSequence(MethodRunner.java:63)
at org.testng.internal.invokers.TestInvoker$MethodInvocationAgent.invoke(TestInvoker.java:992)
at org.testng.internal.invokers.TestInvoker.invokeTestMethods(TestInvoker.java:203)
at org.testng.internal.invokers.TestMethodWorker.invokeTestMethods(TestMethodWorker.java:154)
at org.testng.internal.invokers.TestMethodWorker.run(TestMethodWorker.java:134)
at java.base/java.util.ArrayList.forEach(ArrayList.java:1597)
at org.testng.TestRunner.privateRun(TestRunner.java:739)
at org.testng.TestRunner.run(TestRunner.java:614)
at org.testng.SuiteRunner.runTest(SuiteRunner.java:421)
at org.testng.SuiteRunner.runSequentially(SuiteRunner.java:413)
at org.testng.SuiteRunner.privateRun(SuiteRunner.java:373)
at org.testng.SuiteRunner.run(SuiteRunner.java:312)
at org.testng.SuiteRunnerWorker.runSuite(SuiteRunnerWorker.java:52)
at org.testng.SuiteRunnerWorker.run(SuiteRunnerWorker.java:95)
at org.testng.TestNG.runSuitesSequentially(TestNG.java:1274)
at org.testng.TestNG.runSuitesLocally(TestNG.java:1208)
at org.testng.TestNG.runSuites(TestNG.java:1112)
at org.testng.TestNG.run(TestNG.java:1079)
at org.testng.remote.AbstractRemoteTestNG.run(AbstractRemoteTestNG.java:115)
at org.testng.remote.RemoteTestNG.initAndRun(RemoteTestNG.java:293)
at org.testng.remote.RemoteTestNG.main(RemoteTestNG.java:91)
]]>
            </full-stacktrace>
          </exception> <!-- java.lang.AssertionError -->
          <reporter-output>
          </reporter-output>
        </test-method> <!-- testWrongAuthtUsername -->
      </class> <!-- api.test.UserAuthTest -->
    </test> <!-- VideoGameTest -->
  </suite> <!-- VideoGameSuite -->
</testng-results>
